[0.044s] Invoking command in '/home/matteo-melzer/gazebo_test/build/onrobot_interface': CMAKE_PREFIX_PATH=${CMAKE_PREFIX_PATH}:/home/matteo-melzer/ros2_ws/install/py_srvcli:/home/matteo-melzer/ros2_ws/install/py_pubsub:/home/matteo-melzer/ws_moveit/install/moveit_configs_utils:/home/matteo-melzer/ws_moveit/install/launch_param_builder:/opt/ros/humble /usr/bin/cmake /home/matteo-melzer/gazebo_test/src/onrobot_ros/onrobot_interface -DCMAKE_EXPORT_COMPILE_COMMANDS=ON -DCMAKE_INSTALL_PREFIX=/home/matteo-melzer/gazebo_test/install/onrobot_interface
[0.175s] -- The C compiler identification is GNU 11.4.0
[0.260s] -- The CXX compiler identification is GNU 11.4.0
[0.270s] -- Detecting C compiler ABI info
[0.396s] -- Detecting C compiler ABI info - done
[0.399s] -- Check for working C compiler: /usr/bin/cc - skipped
[0.405s] -- Detecting C compile features
[0.405s] -- Detecting C compile features - done
[0.405s] -- Detecting CXX compiler ABI info
[0.518s] -- Detecting CXX compiler ABI info - done
[0.524s] -- Check for working CXX compiler: /usr/bin/c++ - skipped
[0.525s] -- Detecting CXX compile features
[0.526s] -- Detecting CXX compile features - done
[0.545s] -- Found ament_cmake: 1.3.11 (/opt/ros/humble/share/ament_cmake/cmake)
[0.783s] -- Found Python3: /usr/bin/python3 (found version "3.10.12") found components: Interpreter 
[1.091s] -- Found ur_msgs: 2.3.0 (/opt/ros/humble/share/ur_msgs/cmake)
[1.267s] -- Found rosidl_generator_c: 3.1.6 (/opt/ros/humble/share/rosidl_generator_c/cmake)
[1.291s] -- Found rosidl_adapter: 3.1.6 (/opt/ros/humble/share/rosidl_adapter/cmake)
[1.327s] -- Found rosidl_generator_cpp: 3.1.6 (/opt/ros/humble/share/rosidl_generator_cpp/cmake)
[1.363s] -- Using all available rosidl_typesupport_c: rosidl_typesupport_fastrtps_c;rosidl_typesupport_introspection_c
[1.417s] -- Using all available rosidl_typesupport_cpp: rosidl_typesupport_fastrtps_cpp;rosidl_typesupport_introspection_cpp
[1.660s] -- Found rclcpp: 16.0.12 (/opt/ros/humble/share/rclcpp/cmake)
[1.825s] -- Found rmw_implementation_cmake: 6.1.2 (/opt/ros/humble/share/rmw_implementation_cmake/cmake)
[1.837s] -- Found rmw_fastrtps_cpp: 6.2.7 (/opt/ros/humble/share/rmw_fastrtps_cpp/cmake)
[2.038s] -- Found OpenSSL: /usr/lib/x86_64-linux-gnu/libcrypto.so (found version "3.0.2")  
[2.082s] -- Found FastRTPS: /opt/ros/humble/include  
[2.150s] -- Using RMW implementation 'rmw_fastrtps_cpp' as default
[2.187s] -- Looking for pthread.h
[2.293s] -- Looking for pthread.h - found
[2.294s] -- Performing Test CMAKE_HAVE_LIBC_PTHREAD
[2.412s] -- Performing Test CMAKE_HAVE_LIBC_PTHREAD - Success
[2.412s] -- Found Threads: TRUE  
[2.482s] -- Found hardware_interface: 2.51.0 (/opt/ros/humble/share/hardware_interface/cmake)
[2.614s] -- Found controller_interface: 2.51.0 (/opt/ros/humble/share/controller_interface/cmake)
[2.699s] -- Configuring done
[2.718s] -- Generating done
[2.723s] -- Build files have been written to: /home/matteo-melzer/gazebo_test/build/onrobot_interface
[2.736s] Invoked command in '/home/matteo-melzer/gazebo_test/build/onrobot_interface' returned '0': CMAKE_PREFIX_PATH=${CMAKE_PREFIX_PATH}:/home/matteo-melzer/ros2_ws/install/py_srvcli:/home/matteo-melzer/ros2_ws/install/py_pubsub:/home/matteo-melzer/ws_moveit/install/moveit_configs_utils:/home/matteo-melzer/ws_moveit/install/launch_param_builder:/opt/ros/humble /usr/bin/cmake /home/matteo-melzer/gazebo_test/src/onrobot_ros/onrobot_interface -DCMAKE_EXPORT_COMPILE_COMMANDS=ON -DCMAKE_INSTALL_PREFIX=/home/matteo-melzer/gazebo_test/install/onrobot_interface
[2.737s] Invoking command in '/home/matteo-melzer/gazebo_test/build/onrobot_interface': CMAKE_PREFIX_PATH=${CMAKE_PREFIX_PATH}:/home/matteo-melzer/ros2_ws/install/py_srvcli:/home/matteo-melzer/ros2_ws/install/py_pubsub:/home/matteo-melzer/ws_moveit/install/moveit_configs_utils:/home/matteo-melzer/ws_moveit/install/launch_param_builder:/opt/ros/humble /usr/bin/cmake --build /home/matteo-melzer/gazebo_test/build/onrobot_interface -- -j2 -l2
[2.852s] [ 33%] [32mBuilding CXX object CMakeFiles/onrobot_interface.dir/src/onrobot_gripper.cpp.o[0m
[2.859s] [ 66%] [32mBuilding CXX object CMakeFiles/onrobot_interface.dir/src/onrobot_interface.cpp.o[0m
[5.693s] [01m[K/home/matteo-melzer/gazebo_test/src/onrobot_ros/onrobot_interface/src/onrobot_interface.cpp:[m[K In member function â€˜[01m[Kvirtual std::vector<hardware_interface::StateInterface> onrobot_interface::OnRobotHardwareInterface::export_state_interfaces()[m[Kâ€™:
[5.693s] [01m[K/home/matteo-melzer/gazebo_test/src/onrobot_ros/onrobot_interface/src/onrobot_interface.cpp:39:42:[m[K [01;31m[Kerror: [m[Kâ€˜[01m[KHW_IF_POSITION[m[Kâ€™ is not a member of â€˜[01m[Khardware_interface[m[Kâ€™
[5.693s]    39 |         joint_name_, hardware_interface::[01;31m[KHW_IF_POSITION[m[K, &hw_position_state_));
[5.693s]       |                                          [01;31m[K^~~~~~~~~~~~~~[m[K
[5.694s] [01m[K/home/matteo-melzer/gazebo_test/src/onrobot_ros/onrobot_interface/src/onrobot_interface.cpp:41:42:[m[K [01;31m[Kerror: [m[Kâ€˜[01m[KHW_IF_VELOCITY[m[Kâ€™ is not a member of â€˜[01m[Khardware_interface[m[Kâ€™
[5.694s]    41 |         joint_name_, hardware_interface::[01;31m[KHW_IF_VELOCITY[m[K, &hw_velocity_state_));
[5.694s]       |                                          [01;31m[K^~~~~~~~~~~~~~[m[K
[5.695s] [01m[K/home/matteo-melzer/gazebo_test/src/onrobot_ros/onrobot_interface/src/onrobot_interface.cpp:43:42:[m[K [01;31m[Kerror: [m[Kâ€˜[01m[KHW_IF_EFFORT[m[Kâ€™ is not a member of â€˜[01m[Khardware_interface[m[Kâ€™
[5.695s]    43 |         joint_name_, hardware_interface::[01;31m[KHW_IF_EFFORT[m[K, &hw_effort_state_));
[5.695s]       |                                          [01;31m[K^~~~~~~~~~~~[m[K
[5.700s] [01m[K/home/matteo-melzer/gazebo_test/src/onrobot_ros/onrobot_interface/src/onrobot_interface.cpp:[m[K In member function â€˜[01m[Kvirtual std::vector<hardware_interface::CommandInterface> onrobot_interface::OnRobotHardwareInterface::export_command_interfaces()[m[Kâ€™:
[5.700s] [01m[K/home/matteo-melzer/gazebo_test/src/onrobot_ros/onrobot_interface/src/onrobot_interface.cpp:55:42:[m[K [01;31m[Kerror: [m[Kâ€˜[01m[KHW_IF_POSITION[m[Kâ€™ is not a member of â€˜[01m[Khardware_interface[m[Kâ€™
[5.700s]    55 |         joint_name_, hardware_interface::[01;31m[KHW_IF_POSITION[m[K, &hw_position_command_));
[5.700s]       |                                          [01;31m[K^~~~~~~~~~~~~~[m[K
[6.582s] gmake[2]: *** [CMakeFiles/onrobot_interface.dir/build.make:90: CMakeFiles/onrobot_interface.dir/src/onrobot_interface.cpp.o] Error 1
[6.582s] gmake[2]: *** Waiting for unfinished jobs....
[13.087s] gmake[1]: *** [CMakeFiles/Makefile2:137: CMakeFiles/onrobot_interface.dir/all] Error 2
[13.087s] gmake: *** [Makefile:146: all] Error 2
[13.090s] Invoked command in '/home/matteo-melzer/gazebo_test/build/onrobot_interface' returned '2': CMAKE_PREFIX_PATH=${CMAKE_PREFIX_PATH}:/home/matteo-melzer/ros2_ws/install/py_srvcli:/home/matteo-melzer/ros2_ws/install/py_pubsub:/home/matteo-melzer/ws_moveit/install/moveit_configs_utils:/home/matteo-melzer/ws_moveit/install/launch_param_builder:/opt/ros/humble /usr/bin/cmake --build /home/matteo-melzer/gazebo_test/build/onrobot_interface -- -j2 -l2
